-------------------------------------------------------------------------------
Test set: com.example.Transion.TransionApplicationTests
-------------------------------------------------------------------------------
Tests run: 1, Failures: 0, Errors: 1, Skipped: 0, Time elapsed: 0.772 s <<< FAILURE! - in com.example.Transion.TransionApplicationTests
initializationError(com.example.Transion.TransionApplicationTests)  Time elapsed: 0.008 s  <<< ERROR!
java.lang.IllegalStateException: Unable to find a @SpringBootConfiguration, you need to use @ContextConfiguration or @SpringBootTest(classes=...) with your test

