<?xml version="1.0" encoding="UTF-8"?>
<testsuite xmlns:xsi="http://www.w3.org/2001/XMLSchema-instance" xsi:noNamespaceSchemaLocation="https://maven.apache.org/surefire/maven-surefire-plugin/xsd/surefire-test-report.xsd" name="com.example.Transion.TransionApplicationTests" time="0.772" tests="1" errors="1" skipped="0" failures="0">
  <properties>
[...]
</properties>
  <testcase name="initializationError" classname="com.example.Transion.TransionApplicationTests" time="0.008">
    <error message="Unable to find a @SpringBootConfiguration, you need to use @ContextConfiguration or @SpringBootTest(classes=...) with your test" type="java.lang.IllegalStateException">java.lang.IllegalStateException: Unable to find a @SpringBootConfiguration, you need to use @ContextConfiguration or @SpringBootTest(classes=...) with your test
</error>
    <system-out><![CDATA[17:37:00.157 [main] DEBUG org.springframework.test.context.junit4.SpringJUnit4ClassRunner - SpringJUnit4ClassRunner constructor called with [class com.example.Transion.TransionApplicationTests]
17:37:00.168 [main] DEBUG org.springframework.test.context.BootstrapUtils - Instantiating CacheAwareContextLoaderDelegate from class [org.springframework.test.context.cache.DefaultCacheAwareContextLoaderDelegate]
17:37:00.180 [main] DEBUG org.springframework.test.context.BootstrapUtils - Instantiating BootstrapContext using constructor [public org.springframework.test.context.support.DefaultBootstrapContext(java.lang.Class,org.springframework.test.context.CacheAwareContextLoaderDelegate)]
17:37:00.230 [main] DEBUG org.springframework.test.context.BootstrapUtils - Instantiating TestContextBootstrapper for test class [com.example.Transion.TransionApplicationTests] from class [org.springframework.boot.test.context.SpringBootTestContextBootstrapper]
17:37:00.249 [main] INFO org.springframework.boot.test.context.SpringBootTestContextBootstrapper - Neither @ContextConfiguration nor @ContextHierarchy found for test class [com.example.Transion.TransionApplicationTests], using SpringBootContextLoader
17:37:00.254 [main] DEBUG org.springframework.test.context.support.AbstractContextLoader - Did not detect default resource location for test class [com.example.Transion.TransionApplicationTests]: class path resource [com/example/Transion/TransionApplicationTests-context.xml] does not exist
17:37:00.255 [main] DEBUG org.springframework.test.context.support.AbstractContextLoader - Did not detect default resource location for test class [com.example.Transion.TransionApplicationTests]: class path resource [com/example/Transion/TransionApplicationTestsContext.groovy] does not exist
17:37:00.256 [main] INFO org.springframework.test.context.support.AbstractContextLoader - Could not detect default resource locations for test class [com.example.Transion.TransionApplicationTests]: no resource found for suffixes {-context.xml, Context.groovy}.
17:37:00.257 [main] INFO org.springframework.test.context.support.AnnotationConfigContextLoaderUtils - Could not detect default configuration classes for test class [com.example.Transion.TransionApplicationTests]: TransionApplicationTests does not declare any static, non-private, non-final, nested classes annotated with @Configuration.
17:37:00.328 [main] DEBUG org.springframework.test.context.support.ActiveProfilesUtils - Could not find an 'annotation declaring class' for annotation type [org.springframework.test.context.ActiveProfiles] and class [com.example.Transion.TransionApplicationTests]
17:37:00.340 [main] DEBUG org.springframework.core.env.StandardEnvironment - Adding PropertySource 'systemProperties' with lowest search precedence
17:37:00.341 [main] DEBUG org.springframework.core.env.StandardEnvironment - Adding PropertySource 'systemEnvironment' with lowest search precedence
17:37:00.346 [main] DEBUG org.springframework.core.env.StandardEnvironment - Initialized StandardEnvironment with PropertySources [MapPropertySource@85445963 {name='systemProperties', properties={java.runtime.name=Java(TM) SE Runtime Environment, sun.boot.library.path=C:\Program Files\Java\jdk1.8.0_144\jre\bin, java.vm.version=25.144-b01, java.vm.vendor=Oracle Corporation, java.vendor.url=http://java.oracle.com/, path.separator=;, java.vm.name=Java HotSpot(TM) 64-Bit Server VM, file.encoding.pkg=sun.io, user.country=US, user.script=, sun.java.launcher=SUN_STANDARD, sun.os.patch.level=, java.vm.specification.name=Java Virtual Machine Specification, user.dir=C:\Users\Marko\git\Transion2.0_Backend, java.runtime.version=1.8.0_144-b01, basedir=C:\Users\Marko\git\Transion2.0_Backend, java.awt.graphicsenv=sun.awt.Win32GraphicsEnvironment, java.endorsed.dirs=C:\Program Files\Java\jdk1.8.0_144\jre\lib\endorsed, os.arch=amd64, surefire.real.class.path=C:\Users\Marko\AppData\Local\Temp\surefire5901378061333092029\surefirebooter2277831338269184641.jar, java.io.tmpdir=C:\Users\Marko\AppData\Local\Temp\, line.separator=
, java.vm.specification.vendor=Oracle Corporation, user.variant=, os.name=Windows 10, sun.jnu.encoding=Cp1250, java.library.path=C:\Program Files\Java\jdk1.8.0_144\jre\bin;C:\WINDOWS\Sun\Java\bin;C:\WINDOWS\system32;C:\WINDOWS;C:/Program Files/Java/jre1.8.0_161/bin/server;C:/Program Files/Java/jre1.8.0_161/bin;C:/Program Files/Java/jre1.8.0_161/lib/amd64;C:\Program Files\Common Files\Microsoft Shared\Windows Live;C:\Program Files (x86)\Common Files\Microsoft Shared\Windows Live;C:\ProgramData\Oracle\Java\javapath;C:\Program Files (x86)\Common Files\Intel\Shared Libraries\redist\intel64\mpirt;C:\Program Files (x86)\Common Files\Intel\Shared Libraries\redist\ia32\mpirt;C:\Program Files (x86)\Common Files\Intel\Shared Libraries\redist\intel64\compiler;C:\Program Files (x86)\Common Files\Intel\Shared Libraries\redist\ia32\compiler;C:\Program Files (x86)\Intel\Composer XE 2011 SP1\redist\ia32\tbb\vc10;C:\Program Files (x86)\Intel\Composer XE 2011 SP1\redist\intel64\tbb\vc10;C:\Program Files (x86)\Intel\Composer XE 2011 SP1\redist\intel64\ipp;C:\Program Files (x86)\Intel\Composer XE 2011 SP1\redist\ia32\ipp;C:\Program Files (x86)\Intel\Composer XE 2011 SP1\redist\intel64\mkl;C:\Program Files (x86)\Intel\Composer XE 2011 SP1\redist\ia32\mkl;C:\Program Files (x86)\Common Files\Intel\Shared Libraries\redist\intel64\mpirt;C:\Program Files (x86)\Common Files\Intel\Shared Libraries\redist\intel64\compiler;C:\Program Files (x86)\Common Files\Intel\Shared Libraries\redist\ia32\mpirt;C:\Program Files (x86)\Common Files\Intel\Shared Libraries\redist\ia32\compiler;C:\Program Files (x86)\Common Files\Intel\Shared Libraries\redist\intel64\compiler;C:\Program Files (x86)\Common Files\Intel\Shared Libraries\redist\ia32\compiler;C:\Program Files (x86)\NVIDIA Corporation\PhysX\Common;C:\Program Files (x86)\AMD APP\bin\x86_64;C:\Program Files (x86)\AMD APP\bin\x86;C:\WINDOWS\system32;C:\WINDOWS;C:\WINDOWS\System32\Wbem;C:\WINDOWS\System32\WindowsPowerShell\v1.0\;C:\Program Files (x86)\ATI Technologies\ATI.ACE\Core-Static;C:\Program Files (x86)\Pinnacle\Shared Files\;C:\Program Files (x86)\Pinnacle\Shared Files\Filter\;C:\Program Files\MATLAB\R2013a\runtime\win64;C:\Program Files\MATLAB\R2013a\bin;C:\Program Files (x86)\Windows Live\Shared;C:\Program Files (x86)\AMD\ATI.ACE\Core-Static;C:\Program Files\Microsoft SQL Server\120\T;C:\Program Files\Microsoft SQL Server\120\DTS\Binn\;C:\Program Files\Microsoft SQL Server\Client SDK\ODBC\110\Tools\Binn\;C:\Program Files (x86)\Microsoft SQL Server\120\Tools\Binn\;C:\Program Files\Microsoft SQL Server\120\Tools\Binn\;C:\Program Files (x86)\Microsoft SQL Server\120\Tools\Binn\ManagementStudio\;C:\Program Files (x86)\Microsoft SQL Server\120\DTS\Binn\;C:\WINDOWS\system32\config\systemprofile\.dnx\bin;C:\Program Files\Microsoft DNX\Dnvm\;C:\Program Files\Microsoft SQL Server\130\Tools\Binn\;C:\Program Files (x86)\Skype\Phone\;C:\Program Files\Git\cmd;C:\Program Files\nodejs\;C:\Program Files\Java\jdk1.8.0_144;C:\Users\Marko\AppData\Local\Microsoft\WindowsApps;C:\Users\Marko\AppData\Local\atom\bin;C:\Users\Marko\Desktop\apache-ant-1.9.7-bin\apache-ant-1.9.7\bin;C:\Users\Marko\AppData\Local\.meteor\;C:\Program Files (x86)\Microsoft VS Code\bin;C:\Program Files\Heroku\bin;C:\Users\Marko\AppData\Roaming\npm;C:\WINDOWS\System32;;., surefire.test.class.path=C:\Users\Marko\git\Transion2.0_Backend\target\test-classes;C:\Users\Marko\git\Transion2.0_Backend\target\classes;C:\Users\Marko\.m2\repository\org\springframework\boot\spring-boot-starter-data-mongodb\2.0.0.RELEASE\spring-boot-starter-data-mongodb-2.0.0.RELEASE.jar;C:\Users\Marko\.m2\repository\org\springframework\boot\spring-boot-starter\2.0.0.RELEASE\spring-boot-starter-2.0.0.RELEASE.jar;C:\Users\Marko\.m2\repository\org\springframework\boot\spring-boot\2.0.0.RELEASE\spring-boot-2.0.0.RELEASE.jar;C:\Users\Marko\.m2\repository\org\springframework\boot\spring-boot-autoconfigure\2.0.0.RELEASE\spring-boot-autoconfigure-2.0.0.RELEASE.jar;C:\Users\Marko\.m2\repository\org\springframework\boot\spring-boot-starter-logging\2.0.0.RELEASE\spring-boot-starter-logging-2.0.0.RELEASE.jar;C:\Users\Marko\.m2\repository\ch\qos\logback\logback-classic\1.2.3\logback-classic-1.2.3.jar;C:\Users\Marko\.m2\repository\ch\qos\logback\logback-core\1.2.3\logback-core-1.2.3.jar;C:\Users\Marko\.m2\repository\org\apache\logging\log4j\log4j-to-slf4j\2.10.0\log4j-to-slf4j-2.10.0.jar;C:\Users\Marko\.m2\repository\org\apache\logging\log4j\log4j-api\2.10.0\log4j-api-2.10.0.jar;C:\Users\Marko\.m2\repository\org\slf4j\jul-to-slf4j\1.7.25\jul-to-slf4j-1.7.25.jar;C:\Users\Marko\.m2\repository\javax\annotation\javax.annotation-api\1.3.2\javax.annotation-api-1.3.2.jar;C:\Users\Marko\.m2\repository\org\yaml\snakeyaml\1.19\snakeyaml-1.19.jar;C:\Users\Marko\.m2\repository\org\mongodb\mongodb-driver\3.6.3\mongodb-driver-3.6.3.jar;C:\Users\Marko\.m2\repository\org\mongodb\bson\3.6.3\bson-3.6.3.jar;C:\Users\Marko\.m2\repository\org\mongodb\mongodb-driver-core\3.6.3\mongodb-driver-core-3.6.3.jar;C:\Users\Marko\.m2\repository\org\springframework\data\spring-data-mongodb\2.0.5.RELEASE\spring-data-mongodb-2.0.5.RELEASE.jar;C:\Users\Marko\.m2\repository\org\springframework\spring-tx\5.0.4.RELEASE\spring-tx-5.0.4.RELEASE.jar;C:\Users\Marko\.m2\repository\org\springframework\spring-context\5.0.4.RELEASE\spring-context-5.0.4.RELEASE.jar;C:\Users\Marko\.m2\repository\org\springframework\spring-beans\5.0.4.RELEASE\spring-beans-5.0.4.RELEASE.jar;C:\Users\Marko\.m2\repository\org\springframework\spring-expression\5.0.4.RELEASE\spring-expression-5.0.4.RELEASE.jar;C:\Users\Marko\.m2\repository\org\springframework\data\spring-data-commons\2.0.5.RELEASE\spring-data-commons-2.0.5.RELEASE.jar;C:\Users\Marko\.m2\repository\org\slf4j\slf4j-api\1.7.25\slf4j-api-1.7.25.jar;C:\Users\Marko\.m2\repository\org\springframework\boot\spring-boot-starter-web\2.0.0.RELEASE\spring-boot-starter-web-2.0.0.RELEASE.jar;C:\Users\Marko\.m2\repository\org\springframework\boot\spring-boot-starter-json\2.0.0.RELEASE\spring-boot-starter-json-2.0.0.RELEASE.jar;C:\Users\Marko\.m2\repository\com\fasterxml\jackson\core\jackson-databind\2.9.4\jackson-databind-2.9.4.jar;C:\Users\Marko\.m2\repository\com\fasterxml\jackson\core\jackson-annotations\2.9.0\jackson-annotations-2.9.0.jar;C:\Users\Marko\.m2\repository\com\fasterxml\jackson\core\jackson-core\2.9.4\jackson-core-2.9.4.jar;C:\Users\Marko\.m2\repository\com\fasterxml\jackson\datatype\jackson-datatype-jdk8\2.9.4\jackson-datatype-jdk8-2.9.4.jar;C:\Users\Marko\.m2\repository\com\fasterxml\jackson\datatype\jackson-datatype-jsr310\2.9.4\jackson-datatype-jsr310-2.9.4.jar;C:\Users\Marko\.m2\repository\com\fasterxml\jackson\module\jackson-module-parameter-names\2.9.4\jackson-module-parameter-names-2.9.4.jar;C:\Users\Marko\.m2\repository\org\springframework\boot\spring-boot-starter-tomcat\2.0.0.RELEASE\spring-boot-starter-tomcat-2.0.0.RELEASE.jar;C:\Users\Marko\.m2\repository\org\apache\tomcat\embed\tomcat-embed-core\8.5.28\tomcat-embed-core-8.5.28.jar;C:\Users\Marko\.m2\repository\org\apache\tomcat\embed\tomcat-embed-el\8.5.28\tomcat-embed-el-8.5.28.jar;C:\Users\Marko\.m2\repository\org\apache\tomcat\embed\tomcat-embed-websocket\8.5.28\tomcat-embed-websocket-8.5.28.jar;C:\Users\Marko\.m2\repository\org\hibernate\validator\hibernate-validator\6.0.7.Final\hibernate-validator-6.0.7.Final.jar;C:\Users\Marko\.m2\repository\javax\validation\validation-api\2.0.1.Final\validation-api-2.0.1.Final.jar;C:\Users\Marko\.m2\repository\org\jboss\logging\jboss-logging\3.3.2.Final\jboss-logging-3.3.2.Final.jar;C:\Users\Marko\.m2\repository\com\fasterxml\classmate\1.3.4\classmate-1.3.4.jar;C:\Users\Marko\.m2\repository\org\springframework\spring-web\5.0.4.RELEASE\spring-web-5.0.4.RELEASE.jar;C:\Users\Marko\.m2\repository\org\springframework\spring-webmvc\5.0.4.RELEASE\spring-webmvc-5.0.4.RELEASE.jar;C:\Users\Marko\.m2\repository\org\springframework\spring-aop\5.0.4.RELEASE\spring-aop-5.0.4.RELEASE.jar;C:\Users\Marko\.m2\repository\org\springframework\boot\spring-boot-starter-test\2.0.0.RELEASE\spring-boot-starter-test-2.0.0.RELEASE.jar;C:\Users\Marko\.m2\repository\org\springframework\boot\spring-boot-test\2.0.0.RELEASE\spring-boot-test-2.0.0.RELEASE.jar;C:\Users\Marko\.m2\repository\org\springframework\boot\spring-boot-test-autoconfigure\2.0.0.RELEASE\spring-boot-test-autoconfigure-2.0.0.RELEASE.jar;C:\Users\Marko\.m2\repository\com\jayway\jsonpath\json-path\2.4.0\json-path-2.4.0.jar;C:\Users\Marko\.m2\repository\net\minidev\json-smart\2.3\json-smart-2.3.jar;C:\Users\Marko\.m2\repository\net\minidev\accessors-smart\1.2\accessors-smart-1.2.jar;C:\Users\Marko\.m2\repository\org\ow2\asm\asm\5.0.4\asm-5.0.4.jar;C:\Users\Marko\.m2\repository\junit\junit\4.12\junit-4.12.jar;C:\Users\Marko\.m2\repository\org\assertj\assertj-core\3.9.1\assertj-core-3.9.1.jar;C:\Users\Marko\.m2\repository\org\mockito\mockito-core\2.15.0\mockito-core-2.15.0.jar;C:\Users\Marko\.m2\repository\net\bytebuddy\byte-buddy\1.7.10\byte-buddy-1.7.10.jar;C:\Users\Marko\.m2\repository\net\bytebuddy\byte-buddy-agent\1.7.10\byte-buddy-agent-1.7.10.jar;C:\Users\Marko\.m2\repository\org\objenesis\objenesis\2.6\objenesis-2.6.jar;C:\Users\Marko\.m2\repository\org\hamcrest\hamcrest-core\1.3\hamcrest-core-1.3.jar;C:\Users\Marko\.m2\repository\org\hamcrest\hamcrest-library\1.3\hamcrest-library-1.3.jar;C:\Users\Marko\.m2\repository\org\skyscreamer\jsonassert\1.5.0\jsonassert-1.5.0.jar;C:\Users\Marko\.m2\repository\com\vaadin\external\google\android-json\0.0.20131108.vaadin1\android-json-0.0.20131108.vaadin1.jar;C:\Users\Marko\.m2\repository\org\springframework\spring-core\5.0.4.RELEASE\spring-core-5.0.4.RELEASE.jar;C:\Users\Marko\.m2\repository\org\springframework\spring-jcl\5.0.4.RELEASE\spring-jcl-5.0.4.RELEASE.jar;C:\Users\Marko\.m2\repository\org\springframework\spring-test\5.0.4.RELEASE\spring-test-5.0.4.RELEASE.jar;C:\Users\Marko\.m2\repository\org\xmlunit\xmlunit-core\2.5.1\xmlunit-core-2.5.1.jar;, java.specification.name=Java Platform API Specification, java.class.version=52.0, sun.management.compiler=HotSpot 64-Bit Tiered Compilers, os.version=10.0, user.home=C:\Users\Marko, user.timezone=Europe/Prague, java.awt.printerjob=sun.awt.windows.WPrinterJob, file.encoding=Cp1250, java.specification.version=1.8, java.class.path=C:\Users\Marko\git\Transion2.0_Backend\target\test-classes;C:\Users\Marko\git\Transion2.0_Backend\target\classes;C:\Users\Marko\.m2\repository\org\springframework\boot\spring-boot-starter-data-mongodb\2.0.0.RELEASE\spring-boot-starter-data-mongodb-2.0.0.RELEASE.jar;C:\Users\Marko\.m2\repository\org\springframework\boot\spring-boot-starter\2.0.0.RELEASE\spring-boot-starter-2.0.0.RELEASE.jar;C:\Users\Marko\.m2\repository\org\springframework\boot\spring-boot\2.0.0.RELEASE\spring-boot-2.0.0.RELEASE.jar;C:\Users\Marko\.m2\repository\org\springframework\boot\spring-boot-autoconfigure\2.0.0.RELEASE\spring-boot-autoconfigure-2.0.0.RELEASE.jar;C:\Users\Marko\.m2\repository\org\springframework\boot\spring-boot-starter-logging\2.0.0.RELEASE\spring-boot-starter-logging-2.0.0.RELEASE.jar;C:\Users\Marko\.m2\repository\ch\qos\logback\logback-classic\1.2.3\logback-classic-1.2.3.jar;C:\Users\Marko\.m2\repository\ch\qos\logback\logback-core\1.2.3\logback-core-1.2.3.jar;C:\Users\Marko\.m2\repository\org\apache\logging\log4j\log4j-to-slf4j\2.10.0\log4j-to-slf4j-2.10.0.jar;C:\Users\Marko\.m2\repository\org\apache\logging\log4j\log4j-api\2.10.0\log4j-api-2.10.0.jar;C:\Users\Marko\.m2\repository\org\slf4j\jul-to-slf4j\1.7.25\jul-to-slf4j-1.7.25.jar;C:\Users\Marko\.m2\repository\javax\annotation\javax.annotation-api\1.3.2\javax.annotation-api-1.3.2.jar;C:\Users\Marko\.m2\repository\org\yaml\snakeyaml\1.19\snakeyaml-1.19.jar;C:\Users\Marko\.m2\repository\org\mongodb\mongodb-driver\3.6.3\mongodb-driver-3.6.3.jar;C:\Users\Marko\.m2\repository\org\mongodb\bson\3.6.3\bson-3.6.3.jar;C:\Users\Marko\.m2\repository\org\mongodb\mongodb-driver-core\3.6.3\mongodb-driver-core-3.6.3.jar;C:\Users\Marko\.m2\repository\org\springframework\data\spring-data-mongodb\2.0.5.RELEASE\spring-data-mongodb-2.0.5.RELEASE.jar;C:\Users\Marko\.m2\repository\org\springframework\spring-tx\5.0.4.RELEASE\spring-tx-5.0.4.RELEASE.jar;C:\Users\Marko\.m2\repository\org\springframework\spring-context\5.0.4.RELEASE\spring-context-5.0.4.RELEASE.jar;C:\Users\Marko\.m2\repository\org\springframework\spring-beans\5.0.4.RELEASE\spring-beans-5.0.4.RELEASE.jar;C:\Users\Marko\.m2\repository\org\springframework\spring-expression\5.0.4.RELEASE\spring-expression-5.0.4.RELEASE.jar;C:\Users\Marko\.m2\repository\org\springframework\data\spring-data-commons\2.0.5.RELEASE\spring-data-commons-2.0.5.RELEASE.jar;C:\Users\Marko\.m2\repository\org\slf4j\slf4j-api\1.7.25\slf4j-api-1.7.25.jar;C:\Users\Marko\.m2\repository\org\springframework\boot\spring-boot-starter-web\2.0.0.RELEASE\spring-boot-starter-web-2.0.0.RELEASE.jar;C:\Users\Marko\.m2\repository\org\springframework\boot\spring-boot-starter-json\2.0.0.RELEASE\spring-boot-starter-json-2.0.0.RELEASE.jar;C:\Users\Marko\.m2\repository\com\fasterxml\jackson\core\jackson-databind\2.9.4\jackson-databind-2.9.4.jar;C:\Users\Marko\.m2\repository\com\fasterxml\jackson\core\jackson-annotations\2.9.0\jackson-annotations-2.9.0.jar;C:\Users\Marko\.m2\repository\com\fasterxml\jackson\core\jackson-core\2.9.4\jackson-core-2.9.4.jar;C:\Users\Marko\.m2\repository\com\fasterxml\jackson\datatype\jackson-datatype-jdk8\2.9.4\jackson-datatype-jdk8-2.9.4.jar;C:\Users\Marko\.m2\repository\com\fasterxml\jackson\datatype\jackson-datatype-jsr310\2.9.4\jackson-datatype-jsr310-2.9.4.jar;C:\Users\Marko\.m2\repository\com\fasterxml\jackson\module\jackson-module-parameter-names\2.9.4\jackson-module-parameter-names-2.9.4.jar;C:\Users\Marko\.m2\repository\org\springframework\boot\spring-boot-starter-tomcat\2.0.0.RELEASE\spring-boot-starter-tomcat-2.0.0.RELEASE.jar;C:\Users\Marko\.m2\repository\org\apache\tomcat\embed\tomcat-embed-core\8.5.28\tomcat-embed-core-8.5.28.jar;C:\Users\Marko\.m2\repository\org\apache\tomcat\embed\tomcat-embed-el\8.5.28\tomcat-embed-el-8.5.28.jar;C:\Users\Marko\.m2\repository\org\apache\tomcat\embed\tomcat-embed-websocket\8.5.28\tomcat-embed-websocket-8.5.28.jar;C:\Users\Marko\.m2\repository\org\hibernate\validator\hibernate-validator\6.0.7.Final\hibernate-validator-6.0.7.Final.jar;C:\Users\Marko\.m2\repository\javax\validation\validation-api\2.0.1.Final\validation-api-2.0.1.Final.jar;C:\Users\Marko\.m2\repository\org\jboss\logging\jboss-logging\3.3.2.Final\jboss-logging-3.3.2.Final.jar;C:\Users\Marko\.m2\repository\com\fasterxml\classmate\1.3.4\classmate-1.3.4.jar;C:\Users\Marko\.m2\repository\org\springframework\spring-web\5.0.4.RELEASE\spring-web-5.0.4.RELEASE.jar;C:\Users\Marko\.m2\repository\org\springframework\spring-webmvc\5.0.4.RELEASE\spring-webmvc-5.0.4.RELEASE.jar;C:\Users\Marko\.m2\repository\org\springframework\spring-aop\5.0.4.RELEASE\spring-aop-5.0.4.RELEASE.jar;C:\Users\Marko\.m2\repository\org\springframework\boot\spring-boot-starter-test\2.0.0.RELEASE\spring-boot-starter-test-2.0.0.RELEASE.jar;C:\Users\Marko\.m2\repository\org\springframework\boot\spring-boot-test\2.0.0.RELEASE\spring-boot-test-2.0.0.RELEASE.jar;C:\Users\Marko\.m2\repository\org\springframework\boot\spring-boot-test-autoconfigure\2.0.0.RELEASE\spring-boot-test-autoconfigure-2.0.0.RELEASE.jar;C:\Users\Marko\.m2\repository\com\jayway\jsonpath\json-path\2.4.0\json-path-2.4.0.jar;C:\Users\Marko\.m2\repository\net\minidev\json-smart\2.3\json-smart-2.3.jar;C:\Users\Marko\.m2\repository\net\minidev\accessors-smart\1.2\accessors-smart-1.2.jar;C:\Users\Marko\.m2\repository\org\ow2\asm\asm\5.0.4\asm-5.0.4.jar;C:\Users\Marko\.m2\repository\junit\junit\4.12\junit-4.12.jar;C:\Users\Marko\.m2\repository\org\assertj\assertj-core\3.9.1\assertj-core-3.9.1.jar;C:\Users\Marko\.m2\repository\org\mockito\mockito-core\2.15.0\mockito-core-2.15.0.jar;C:\Users\Marko\.m2\repository\net\bytebuddy\byte-buddy\1.7.10\byte-buddy-1.7.10.jar;C:\Users\Marko\.m2\repository\net\bytebuddy\byte-buddy-agent\1.7.10\byte-buddy-agent-1.7.10.jar;C:\Users\Marko\.m2\repository\org\objenesis\objenesis\2.6\objenesis-2.6.jar;C:\Users\Marko\.m2\repository\org\hamcrest\hamcrest-core\1.3\hamcrest-core-1.3.jar;C:\Users\Marko\.m2\repository\org\hamcrest\hamcrest-library\1.3\hamcrest-library-1.3.jar;C:\Users\Marko\.m2\repository\org\skyscreamer\jsonassert\1.5.0\jsonassert-1.5.0.jar;C:\Users\Marko\.m2\repository\com\vaadin\external\google\android-json\0.0.20131108.vaadin1\android-json-0.0.20131108.vaadin1.jar;C:\Users\Marko\.m2\repository\org\springframework\spring-core\5.0.4.RELEASE\spring-core-5.0.4.RELEASE.jar;C:\Users\Marko\.m2\repository\org\springframework\spring-jcl\5.0.4.RELEASE\spring-jcl-5.0.4.RELEASE.jar;C:\Users\Marko\.m2\repository\org\springframework\spring-test\5.0.4.RELEASE\spring-test-5.0.4.RELEASE.jar;C:\Users\Marko\.m2\repository\org\xmlunit\xmlunit-core\2.5.1\xmlunit-core-2.5.1.jar;, user.name=Marko, java.vm.specification.version=1.8, sun.java.command=C:\Users\Marko\AppData\Local\Temp\surefire5901378061333092029\surefirebooter2277831338269184641.jar C:\Users\Marko\AppData\Local\Temp\surefire5901378061333092029 2018-04-06T17-36-58_347-jvmRun1 surefire1635469432062244173tmp surefire_0135149554846726246tmp, java.home=C:\Program Files\Java\jdk1.8.0_144\jre, sun.arch.data.model=64, user.language=en, java.specification.vendor=Oracle Corporation, awt.toolkit=sun.awt.windows.WToolkit, java.vm.info=mixed mode, java.version=1.8.0_144, java.ext.dirs=C:\Program Files\Java\jdk1.8.0_144\jre\lib\ext;C:\WINDOWS\Sun\Java\lib\ext, sun.boot.class.path=C:\Program Files\Java\jdk1.8.0_144\jre\lib\resources.jar;C:\Program Files\Java\jdk1.8.0_144\jre\lib\rt.jar;C:\Program Files\Java\jdk1.8.0_144\jre\lib\sunrsasign.jar;C:\Program Files\Java\jdk1.8.0_144\jre\lib\jsse.jar;C:\Program Files\Java\jdk1.8.0_144\jre\lib\jce.jar;C:\Program Files\Java\jdk1.8.0_144\jre\lib\charsets.jar;C:\Program Files\Java\jdk1.8.0_144\jre\lib\jfr.jar;C:\Program Files\Java\jdk1.8.0_144\jre\classes, java.vendor=Oracle Corporation, localRepository=C:\Users\Marko\.m2\repository, file.separator=\, java.vendor.url.bug=http://bugreport.sun.com/bugreport/, sun.io.unicode.encoding=UnicodeLittle, sun.cpu.endian=little, sun.desktop=windows, sun.cpu.isalist=amd64}}, SystemEnvironmentPropertySource@1825027294 {name='systemEnvironment', properties={PATH=C:/Program Files/Java/jre1.8.0_161/bin/server;C:/Program Files/Java/jre1.8.0_161/bin;C:/Program Files/Java/jre1.8.0_161/lib/amd64;C:\Program Files\Common Files\Microsoft Shared\Windows Live;C:\Program Files (x86)\Common Files\Microsoft Shared\Windows Live;C:\ProgramData\Oracle\Java\javapath;C:\Program Files (x86)\Common Files\Intel\Shared Libraries\redist\intel64\mpirt;C:\Program Files (x86)\Common Files\Intel\Shared Libraries\redist\ia32\mpirt;C:\Program Files (x86)\Common Files\Intel\Shared Libraries\redist\intel64\compiler;C:\Program Files (x86)\Common Files\Intel\Shared Libraries\redist\ia32\compiler;C:\Program Files (x86)\Intel\Composer XE 2011 SP1\redist\ia32\tbb\vc10;C:\Program Files (x86)\Intel\Composer XE 2011 SP1\redist\intel64\tbb\vc10;C:\Program Files (x86)\Intel\Composer XE 2011 SP1\redist\intel64\ipp;C:\Program Files (x86)\Intel\Composer XE 2011 SP1\redist\ia32\ipp;C:\Program Files (x86)\Intel\Composer XE 2011 SP1\redist\intel64\mkl;C:\Program Files (x86)\Intel\Composer XE 2011 SP1\redist\ia32\mkl;C:\Program Files (x86)\Common Files\Intel\Shared Libraries\redist\intel64\mpirt;C:\Program Files (x86)\Common Files\Intel\Shared Libraries\redist\intel64\compiler;C:\Program Files (x86)\Common Files\Intel\Shared Libraries\redist\ia32\mpirt;C:\Program Files (x86)\Common Files\Intel\Shared Libraries\redist\ia32\compiler;C:\Program Files (x86)\Common Files\Intel\Shared Libraries\redist\intel64\compiler;C:\Program Files (x86)\Common Files\Intel\Shared Libraries\redist\ia32\compiler;C:\Program Files (x86)\NVIDIA Corporation\PhysX\Common;C:\Program Files (x86)\AMD APP\bin\x86_64;C:\Program Files (x86)\AMD APP\bin\x86;C:\WINDOWS\system32;C:\WINDOWS;C:\WINDOWS\System32\Wbem;C:\WINDOWS\System32\WindowsPowerShell\v1.0\;C:\Program Files (x86)\ATI Technologies\ATI.ACE\Core-Static;C:\Program Files (x86)\Pinnacle\Shared Files\;C:\Program Files (x86)\Pinnacle\Shared Files\Filter\;C:\Program Files\MATLAB\R2013a\runtime\win64;C:\Program Files\MATLAB\R2013a\bin;C:\Program Files (x86)\Windows Live\Shared;C:\Program Files (x86)\AMD\ATI.ACE\Core-Static;C:\Program Files\Microsoft SQL Server\120\T;C:\Program Files\Microsoft SQL Server\120\DTS\Binn\;C:\Program Files\Microsoft SQL Server\Client SDK\ODBC\110\Tools\Binn\;C:\Program Files (x86)\Microsoft SQL Server\120\Tools\Binn\;C:\Program Files\Microsoft SQL Server\120\Tools\Binn\;C:\Program Files (x86)\Microsoft SQL Server\120\Tools\Binn\ManagementStudio\;C:\Program Files (x86)\Microsoft SQL Server\120\DTS\Binn\;C:\WINDOWS\system32\config\systemprofile\.dnx\bin;C:\Program Files\Microsoft DNX\Dnvm\;C:\Program Files\Microsoft SQL Server\130\Tools\Binn\;C:\Program Files (x86)\Skype\Phone\;C:\Program Files\Git\cmd;C:\Program Files\nodejs\;C:\Program Files\Java\jdk1.8.0_144;C:\Users\Marko\AppData\Local\Microsoft\WindowsApps;C:\Users\Marko\AppData\Local\atom\bin;C:\Users\Marko\Desktop\apache-ant-1.9.7-bin\apache-ant-1.9.7\bin;C:\Users\Marko\AppData\Local\.meteor\;C:\Program Files (x86)\Microsoft VS Code\bin;C:\Program Files\Heroku\bin;C:\Users\Marko\AppData\Roaming\npm;C:\WINDOWS\System32;, USERDOMAIN_ROAMINGPROFILE=Marko-PC, IFORT_COMPILER13=C:\Program Files (x86)\Intel\Composer XE 2013\, PROCESSOR_LEVEL=6, SYSTEMDRIVE=C:, FP_NO_HOST_CHECK=NO, IFORT_COMPILER12=C:\Program Files (x86)\Intel\Composer XE 2011 SP1\, VS140COMNTOOLS=C:\Program Files (x86)\Microsoft Visual Studio 14.0\Common7\Tools\, SESSIONNAME=Console, ALLUSERSPROFILE=C:\ProgramData, F_EM64T_REDIST12=C:\Program Files (x86)\Common Files\Intel\Shared Libraries\, INTEL_DEV_REDIST=C:\Program Files (x86)\Common Files\Intel\Shared Libraries\, PROCESSOR_ARCHITECTURE=AMD64, INTEL_LICENSE_FILE=C:\Program Files (x86)\Common Files\Intel\Licenses, ICPP_COMPILER13=C:\Program Files (x86)\Intel\Composer XE 2013\, JRE_HOME=C:\Program Files\Java\jre1.8.0_161, VS100COMNTOOLS=C:\Program Files (x86)\Microsoft Visual Studio 10.0\Common7\Tools\, ICPP_COMPILER12=C:\Program Files (x86)\Intel\Composer XE 2011 SP1\, PROGRAMFILES=C:\Program Files, PSMODULEPATH=C:\WINDOWS\system32\WindowsPowerShell\v1.0\Modules\;C:\Program Files (x86)\Microsoft SQL Server\120\Tools\PowerShell\Modules\, PROGRAMDATA=C:\ProgramData, USERNAME=Marko, NO_XILINX_DATA_LICENSE=HIDDEN, INSPECTOR_XE_2013_DIR=C:\Program Files (x86)\Intel\Inspector XE 2013\, ONEDRIVE=C:\Users\Marko\OneDrive, PATHEXT=.COM;.EXE;.BAT;.CMD;.VBS;.VBE;.JS;.JSE;.WSF;.WSH;.MSC, WINDIR=C:\WINDOWS, ADVISOR_XE_2013_DIR=C:\Program Files (x86)\Intel\Advisor XE 2013\, HOMEPATH=\Users\Marko, PROCESSOR_IDENTIFIER=Intel64 Family 6 Model 42 Stepping 7, GenuineIntel, WINDOWS_TRACING_LOGFILE=C:\BVTBin\Tests\installpackage\csilogfile.log, PUBLIC=C:\Users\Public, VTUNE_AMPLIFIER_XE_2013_DIR=C:\Program Files (x86)\Intel\VTune Amplifier XE 2013\, AMDAPPSDKROOT=C:\Program Files (x86)\AMD APP\, F_IA32_REDIST12=C:\Program Files (x86)\Common Files\Intel\Shared Libraries\, =::=::\, C_EM64T_REDIST12=C:\Program Files (x86)\Common Files\Intel\Shared Libraries\, LOCALAPPDATA=C:\Users\Marko\AppData\Local, COMMONPROGRAMFILES(X86)=C:\Program Files (x86)\Common Files, USERDOMAIN=Marko-PC, LOGONSERVER=\\MARKO-PC, JAVA_HOME=C:\Program Files\Java\jdk1.8.0_144, PROMPT=$P$G, INSPECTOR_XE_2011_DIR=C:\Program Files (x86)\Intel\Inspector XE 2011\, PROGRAMFILES(X86)=C:\Program Files (x86), ANT_HOME=C:\Users\Marko\Desktop\apache-ant-1.9.7-bin\apache-ant-1.9.7, WINDOWS_TRACING_FLAGS=3, =C:=C:\Users\Marko\git\Transion2.0_Backend, APPDATA=C:\Users\Marko\AppData\Roaming, PROGRAMW6432=C:\Program Files, SYSTEMROOT=C:\WINDOWS, VBOX_MSI_INSTALL_PATH=C:\Program Files\Oracle\VirtualBox\, VTUNE_AMPLIFIER_XE_2011_DIR=C:\Program Files (x86)\Intel\VTune Amplifier XE 2011\, C_IA32_REDIST12=C:\Program Files (x86)\Common Files\Intel\Shared Libraries\, OS=Windows_NT, COMMONPROGRAMW6432=C:\Program Files\Common Files, COMPUTERNAME=MARKO-PC, COMMONPROGRAMFILES=C:\Program Files\Common Files, COMSPEC=C:\WINDOWS\system32\cmd.exe, PROCESSOR_REVISION=2a07, TEMP=C:\Users\Marko\AppData\Local\Temp, HOMEDRIVE=C:, USERPROFILE=C:\Users\Marko, TMP=C:\Users\Marko\AppData\Local\Temp, NUMBER_OF_PROCESSORS=2}}]
17:37:00.390 [main] DEBUG org.springframework.core.io.support.PathMatchingResourcePatternResolver - Resolved classpath location [com/example/Transion/] to resources [URL [file:/C:/Users/Marko/git/Transion2.0_Backend/target/test-classes/com/example/Transion/], URL [file:/C:/Users/Marko/git/Transion2.0_Backend/target/classes/com/example/Transion/]]
17:37:00.391 [main] DEBUG org.springframework.core.io.support.PathMatchingResourcePatternResolver - Looking for matching resources in directory tree [C:\Users\Marko\git\Transion2.0_Backend\target\test-classes\com\example\Transion]
17:37:00.391 [main] DEBUG org.springframework.core.io.support.PathMatchingResourcePatternResolver - Searching directory [C:\Users\Marko\git\Transion2.0_Backend\target\test-classes\com\example\Transion] for files matching pattern [C:/Users/Marko/git/Transion2.0_Backend/target/test-classes/com/example/Transion/*.class]
17:37:00.395 [main] DEBUG org.springframework.core.io.support.PathMatchingResourcePatternResolver - Looking for matching resources in directory tree [C:\Users\Marko\git\Transion2.0_Backend\target\classes\com\example\Transion]
17:37:00.395 [main] DEBUG org.springframework.core.io.support.PathMatchingResourcePatternResolver - Searching directory [C:\Users\Marko\git\Transion2.0_Backend\target\classes\com\example\Transion] for files matching pattern [C:/Users/Marko/git/Transion2.0_Backend/target/classes/com/example/Transion/*.class]
17:37:00.397 [main] DEBUG org.springframework.core.io.support.PathMatchingResourcePatternResolver - Resolved location pattern [classpath*:com/example/Transion/*.class] to resources [file [C:\Users\Marko\git\Transion2.0_Backend\target\test-classes\com\example\Transion\TransionApplicationTests.class]]
17:37:00.451 [main] DEBUG org.springframework.core.io.support.PathMatchingResourcePatternResolver - Resolved classpath location [com/example/] to resources [URL [file:/C:/Users/Marko/git/Transion2.0_Backend/target/test-classes/com/example/], URL [file:/C:/Users/Marko/git/Transion2.0_Backend/target/classes/com/example/]]
17:37:00.452 [main] DEBUG org.springframework.core.io.support.PathMatchingResourcePatternResolver - Looking for matching resources in directory tree [C:\Users\Marko\git\Transion2.0_Backend\target\test-classes\com\example]
17:37:00.452 [main] DEBUG org.springframework.core.io.support.PathMatchingResourcePatternResolver - Searching directory [C:\Users\Marko\git\Transion2.0_Backend\target\test-classes\com\example] for files matching pattern [C:/Users/Marko/git/Transion2.0_Backend/target/test-classes/com/example/*.class]
17:37:00.452 [main] DEBUG org.springframework.core.io.support.PathMatchingResourcePatternResolver - Looking for matching resources in directory tree [C:\Users\Marko\git\Transion2.0_Backend\target\classes\com\example]
17:37:00.453 [main] DEBUG org.springframework.core.io.support.PathMatchingResourcePatternResolver - Searching directory [C:\Users\Marko\git\Transion2.0_Backend\target\classes\com\example] for files matching pattern [C:/Users/Marko/git/Transion2.0_Backend/target/classes/com/example/*.class]
17:37:00.453 [main] DEBUG org.springframework.core.io.support.PathMatchingResourcePatternResolver - Resolved location pattern [classpath*:com/example/*.class] to resources []
17:37:00.455 [main] DEBUG org.springframework.core.io.support.PathMatchingResourcePatternResolver - Resolved classpath location [com/] to resources [URL [file:/C:/Users/Marko/git/Transion2.0_Backend/target/test-classes/com/], URL [file:/C:/Users/Marko/git/Transion2.0_Backend/target/classes/com/], URL [jar:file:/C:/Users/Marko/.m2/repository/org/mongodb/mongodb-driver/3.6.3/mongodb-driver-3.6.3.jar!/com/], URL [jar:file:/C:/Users/Marko/.m2/repository/org/mongodb/mongodb-driver-core/3.6.3/mongodb-driver-core-3.6.3.jar!/com/], URL [jar:file:/C:/Users/Marko/.m2/repository/com/fasterxml/jackson/core/jackson-databind/2.9.4/jackson-databind-2.9.4.jar!/com/], URL [jar:file:/C:/Users/Marko/.m2/repository/com/fasterxml/jackson/core/jackson-annotations/2.9.0/jackson-annotations-2.9.0.jar!/com/], URL [jar:file:/C:/Users/Marko/.m2/repository/com/fasterxml/jackson/core/jackson-core/2.9.4/jackson-core-2.9.4.jar!/com/], URL [jar:file:/C:/Users/Marko/.m2/repository/com/fasterxml/jackson/datatype/jackson-datatype-jdk8/2.9.4/jackson-datatype-jdk8-2.9.4.jar!/com/], URL [jar:file:/C:/Users/Marko/.m2/repository/com/fasterxml/jackson/datatype/jackson-datatype-jsr310/2.9.4/jackson-datatype-jsr310-2.9.4.jar!/com/], URL [jar:file:/C:/Users/Marko/.m2/repository/com/fasterxml/jackson/module/jackson-module-parameter-names/2.9.4/jackson-module-parameter-names-2.9.4.jar!/com/], URL [jar:file:/C:/Users/Marko/.m2/repository/com/fasterxml/classmate/1.3.4/classmate-1.3.4.jar!/com/], URL [jar:file:/C:/Users/Marko/.m2/repository/com/jayway/jsonpath/json-path/2.4.0/json-path-2.4.0.jar!/com/]]
17:37:00.455 [main] DEBUG org.springframework.core.io.support.PathMatchingResourcePatternResolver - Looking for matching resources in directory tree [C:\Users\Marko\git\Transion2.0_Backend\target\test-classes\com]
17:37:00.455 [main] DEBUG org.springframework.core.io.support.PathMatchingResourcePatternResolver - Searching directory [C:\Users\Marko\git\Transion2.0_Backend\target\test-classes\com] for files matching pattern [C:/Users/Marko/git/Transion2.0_Backend/target/test-classes/com/*.class]
17:37:00.455 [main] DEBUG org.springframework.core.io.support.PathMatchingResourcePatternResolver - Looking for matching resources in directory tree [C:\Users\Marko\git\Transion2.0_Backend\target\classes\com]
17:37:00.456 [main] DEBUG org.springframework.core.io.support.PathMatchingResourcePatternResolver - Searching directory [C:\Users\Marko\git\Transion2.0_Backend\target\classes\com] for files matching pattern [C:/Users/Marko/git/Transion2.0_Backend/target/classes/com/*.class]
17:37:00.457 [main] DEBUG org.springframework.core.io.support.PathMatchingResourcePatternResolver - Looking for matching resources in jar file [file:/C:/Users/Marko/.m2/repository/org/mongodb/mongodb-driver/3.6.3/mongodb-driver-3.6.3.jar]
17:37:00.461 [main] DEBUG org.springframework.core.io.support.PathMatchingResourcePatternResolver - Looking for matching resources in jar file [file:/C:/Users/Marko/.m2/repository/org/mongodb/mongodb-driver-core/3.6.3/mongodb-driver-core-3.6.3.jar]
17:37:00.483 [main] DEBUG org.springframework.core.io.support.PathMatchingResourcePatternResolver - Looking for matching resources in jar file [file:/C:/Users/Marko/.m2/repository/com/fasterxml/jackson/core/jackson-databind/2.9.4/jackson-databind-2.9.4.jar]
17:37:00.494 [main] DEBUG org.springframework.core.io.support.PathMatchingResourcePatternResolver - Looking for matching resources in jar file [file:/C:/Users/Marko/.m2/repository/com/fasterxml/jackson/core/jackson-annotations/2.9.0/jackson-annotations-2.9.0.jar]
17:37:00.495 [main] DEBUG org.springframework.core.io.support.PathMatchingResourcePatternResolver - Looking for matching resources in jar file [file:/C:/Users/Marko/.m2/repository/com/fasterxml/jackson/core/jackson-core/2.9.4/jackson-core-2.9.4.jar]
17:37:00.497 [main] DEBUG org.springframework.core.io.support.PathMatchingResourcePatternResolver - Looking for matching resources in jar file [file:/C:/Users/Marko/.m2/repository/com/fasterxml/jackson/datatype/jackson-datatype-jdk8/2.9.4/jackson-datatype-jdk8-2.9.4.jar]
17:37:00.498 [main] DEBUG org.springframework.core.io.support.PathMatchingResourcePatternResolver - Looking for matching resources in jar file [file:/C:/Users/Marko/.m2/repository/com/fasterxml/jackson/datatype/jackson-datatype-jsr310/2.9.4/jackson-datatype-jsr310-2.9.4.jar]
17:37:00.499 [main] DEBUG org.springframework.core.io.support.PathMatchingResourcePatternResolver - Looking for matching resources in jar file [file:/C:/Users/Marko/.m2/repository/com/fasterxml/jackson/module/jackson-module-parameter-names/2.9.4/jackson-module-parameter-names-2.9.4.jar]
17:37:00.500 [main] DEBUG org.springframework.core.io.support.PathMatchingResourcePatternResolver - Looking for matching resources in jar file [file:/C:/Users/Marko/.m2/repository/com/fasterxml/classmate/1.3.4/classmate-1.3.4.jar]
17:37:00.501 [main] DEBUG org.springframework.core.io.support.PathMatchingResourcePatternResolver - Looking for matching resources in jar file [file:/C:/Users/Marko/.m2/repository/com/jayway/jsonpath/json-path/2.4.0/json-path-2.4.0.jar]
17:37:00.502 [main] DEBUG org.springframework.core.io.support.PathMatchingResourcePatternResolver - Resolved location pattern [classpath*:com/*.class] to resources []
]]></system-out>
  </testcase>
</testsuite>